<?xml version="1.0" encoding="UTF-8"?>
<!-- Generated by org.testng.reporters.JUnitReportReporter -->
<testsuite hostname="LAPTOP-UUVR85DV" failures="0" tests="1" name="datadrivernTestngPagefactoryone.validationdata" time="53.560" errors="0" timestamp="2025-03-04T04:08:00 IST" skipped="0">
  <testcase classname="datadrivernTestngPagefactoryone.validationdata" name="verify" time="53.560"/>
</testsuite> <!-- datadrivernTestngPagefactoryone.validationdata -->
