<?xml version="1.0" encoding="UTF-8"?>
<!-- Generated by org.testng.reporters.JUnitReportReporter -->
<testsuite hostname="LAPTOP-UUVR85DV" failures="0" tests="2" name="extentReportScreenshotPracticeday_09.testClassExtentFive" time="4.215" errors="0" timestamp="2025-03-25T05:46:09 IST" skipped="0">
  <testcase classname="extentReportScreenshotPracticeday_09.testClassExtentFive" name="testGoogle" time="1.176"/>
  <testcase classname="extentReportScreenshotPracticeday_09.testClassExtentFive" name="testORGhrm" time="3.039"/>
</testsuite> <!-- extentReportScreenshotPracticeday_09.testClassExtentFive -->
