<?xml version="1.0" encoding="UTF-8"?>
<!-- Generated by org.testng.reporters.JUnitReportReporter -->
<testsuite hostname="LAPTOP-UUVR85DV" failures="0" tests="1" name="screenshotday_04.createscreenshot" time="6.187" errors="0" timestamp="2025-03-25T06:01:46 IST" skipped="0">
  <testcase classname="screenshotday_04.createscreenshot" name="validation" time="6.187"/>
</testsuite> <!-- screenshotday_04.createscreenshot -->
