<?xml version="1.0" encoding="UTF-8"?>
<!-- Generated by org.testng.reporters.JUnitReportReporter -->
<testsuite hostname="LAPTOP-UUVR85DV" failures="0" tests="1" name="pageFactoryDay_02.validationOne" time="31.248" errors="0" timestamp="2025-04-16T17:05:45 IST" skipped="0">
  <testcase classname="pageFactoryDay_02.validationOne" name="verification" time="31.248"/>
</testsuite> <!-- pageFactoryDay_02.validationOne -->
