<?xml version="1.0" encoding="UTF-8"?>
<!-- Generated by org.testng.reporters.JUnitReportReporter -->
<testsuite hostname="LAPTOP-UUVR85DV" failures="0" tests="1" name="dataprovideday_03.readexceldataintestng" time="0.679" errors="0" timestamp="2025-03-02T15:00:47 IST" skipped="0">
  <testcase classname="dataprovideday_03.readexceldataintestng" name="readdata" time="0.679"/>
</testsuite> <!-- dataprovideday_03.readexceldataintestng -->
